\BOOKMARK [1][-]{section.1}{\332vod}{}% 1
\BOOKMARK [1][-]{section.2}{Testovanie softv\351ru}{}% 2
\BOOKMARK [2][-]{subsection.2.1}{Podla postupu testovania}{section.2}% 3
\BOOKMARK [3][-]{subsubsection.2.1.1}{Testovanie formou ciernej skrinky}{subsection.2.1}% 4
\BOOKMARK [3][-]{subsubsection.2.1.2}{Testovanie formou bielej skrinky}{subsection.2.1}% 5
\BOOKMARK [3][-]{subsubsection.2.1.3}{Testovanie formou sivej skrinky}{subsection.2.1}% 6
\BOOKMARK [2][-]{subsection.2.2}{Podla sp\364sobu testovania}{section.2}% 7
\BOOKMARK [3][-]{subsubsection.2.2.1}{Statick\351 testovanie}{subsection.2.2}% 8
\BOOKMARK [3][-]{subsubsection.2.2.2}{Dynamick\351 testovanie}{subsection.2.2}% 9
\BOOKMARK [2][-]{subsection.2.3}{Podla \372rovne testu}{section.2}% 10
\BOOKMARK [3][-]{subsubsection.2.3.1}{Jednotkov\351 testovanie}{subsection.2.3}% 11
\BOOKMARK [3][-]{subsubsection.2.3.2}{Testovanie komponentov}{subsection.2.3}% 12
\BOOKMARK [3][-]{subsubsection.2.3.3}{Integracn\351 testovanie}{subsection.2.3}% 13
\BOOKMARK [3][-]{subsubsection.2.3.4}{Syst\351mov\351 testovanie}{subsection.2.3}% 14
\BOOKMARK [3][-]{subsubsection.2.3.5}{Akceptacn\351 testovanie}{subsection.2.3}% 15
\BOOKMARK [1][-]{section.3}{Kl\372cov\351 vlastnosti jednotkov\351ho testovania}{}% 16
\BOOKMARK [2][-]{subsection.3.1}{Zhrnutie vlastnost\355 jednotkov\351ho testovania}{section.3}% 17
\BOOKMARK [1][-]{section.4}{xUnit}{}% 18
\BOOKMARK [2][-]{subsection.4.1}{N\341stroje patriace do skupiny xUnit pre .NET}{section.4}% 19
\BOOKMARK [2][-]{subsection.4.2}{N\341stroje patriace do skupiny xUnit pre Javu}{section.4}% 20
\BOOKMARK [1][-]{section*.19}{Literat\372ra}{}% 21
